2025/09/04 22:40:17 Warning: Using default JWT secret. Set JWT_SECRET environment variable in production.
[GIN-debug] [WARNING] Creating an Engine instance with the Logger and Recovery middleware already attached.

[GIN-debug] [WARNING] Running in "debug" mode. Switch to "release" mode in production.
 - using env:	export GIN_MODE=release
 - using code:	gin.SetMode(gin.ReleaseMode)

[GIN-debug] GET    /static/*filepath         --> github.com/gin-gonic/gin.(*RouterGroup).createStaticHandler.func1 (4 handlers)
[GIN-debug] HEAD   /static/*filepath         --> github.com/gin-gonic/gin.(*RouterGroup).createStaticHandler.func1 (4 handlers)
[GIN-debug] GET    /                         --> main.main.(*RouterGroup).StaticFile.func5 (4 handlers)
[GIN-debug] HEAD   /                         --> main.main.(*RouterGroup).StaticFile.func5 (4 handlers)
[GIN-debug] GET    /login.html               --> main.main.(*RouterGroup).StaticFile.func6 (4 handlers)
[GIN-debug] HEAD   /login.html               --> main.main.(*RouterGroup).StaticFile.func6 (4 handlers)
[GIN-debug] GET    /register.html            --> main.main.(*RouterGroup).StaticFile.func7 (4 handlers)
[GIN-debug] HEAD   /register.html            --> main.main.(*RouterGroup).StaticFile.func7 (4 handlers)
[GIN-debug] GET    /upload.html              --> main.main.(*RouterGroup).StaticFile.func8 (4 handlers)
[GIN-debug] HEAD   /upload.html              --> main.main.(*RouterGroup).StaticFile.func8 (4 handlers)
[GIN-debug] GET    /files.html               --> main.main.(*RouterGroup).StaticFile.func9 (4 handlers)
[GIN-debug] HEAD   /files.html               --> main.main.(*RouterGroup).StaticFile.func9 (4 handlers)
[GIN-debug] GET    /stream.html              --> main.main.(*RouterGroup).StaticFile.func10 (4 handlers)
[GIN-debug] HEAD   /stream.html              --> main.main.(*RouterGroup).StaticFile.func10 (4 handlers)
[GIN-debug] GET    /profile.html             --> main.main.(*RouterGroup).StaticFile.func11 (4 handlers)
[GIN-debug] HEAD   /profile.html             --> main.main.(*RouterGroup).StaticFile.func11 (4 handlers)
[GIN-debug] GET    /dashboard.html           --> main.main.(*RouterGroup).StaticFile.func12 (4 handlers)
[GIN-debug] HEAD   /dashboard.html           --> main.main.(*RouterGroup).StaticFile.func12 (4 handlers)
[GIN-debug] POST   /api/auth/register        --> github.com/nabilulilalbab/rclonestorage/internal/auth.(*AuthHandlers).Register-fm (4 handlers)
[GIN-debug] POST   /api/auth/login           --> github.com/nabilulilalbab/rclonestorage/internal/auth.(*AuthHandlers).Login-fm (4 handlers)
[GIN-debug] POST   /api/auth/refresh         --> github.com/nabilulilalbab/rclonestorage/internal/auth.(*AuthHandlers).RefreshToken-fm (4 handlers)
[GIN-debug] GET    /api/user/profile         --> github.com/nabilulilalbab/rclonestorage/internal/auth.(*AuthHandlers).GetProfile-fm (6 handlers)
[GIN-debug] POST   /api/user/api-keys        --> github.com/nabilulilalbab/rclonestorage/internal/auth.(*AuthHandlers).CreateAPIKey-fm (6 handlers)
[GIN-debug] GET    /api/user/api-keys        --> github.com/nabilulilalbab/rclonestorage/internal/auth.(*AuthHandlers).ListAPIKeys-fm (6 handlers)
[GIN-debug] DELETE /api/user/api-keys/:id    --> github.com/nabilulilalbab/rclonestorage/internal/auth.(*AuthHandlers).DeleteAPIKey-fm (6 handlers)
[GIN-debug] GET    /api/admin/users          --> github.com/nabilulilalbab/rclonestorage/internal/auth.(*AuthHandlers).ListUsers-fm (7 handlers)
[GIN-debug] GET    /api/admin/users/:id      --> github.com/nabilulilalbab/rclonestorage/internal/auth.(*AuthHandlers).GetUser-fm (7 handlers)
[GIN-debug] POST   /api/admin/users          --> github.com/nabilulilalbab/rclonestorage/internal/auth.(*AuthHandlers).Register-fm (7 handlers)
[GIN-debug] GET    /api/v1/public/stats      --> github.com/nabilulilalbab/rclonestorage/internal/api.(*API).handlePublicStats-fm (4 handlers)
[GIN-debug] POST   /api/v1/upload            --> github.com/nabilulilalbab/rclonestorage/internal/api.(*API).handleUpload-fm (8 handlers)
[GIN-debug] GET    /api/v1/files             --> github.com/nabilulilalbab/rclonestorage/internal/api.(*API).handleListFiles-fm (5 handlers)
[GIN-debug] GET    /api/v1/files/:id         --> github.com/nabilulilalbab/rclonestorage/internal/api.(*API).handleGetFile-fm (5 handlers)
[GIN-debug] DELETE /api/v1/files/:id         --> github.com/nabilulilalbab/rclonestorage/internal/api.(*API).handleDeleteFile-fm (9 handlers)
[GIN-debug] GET    /api/v1/download/:id      --> github.com/nabilulilalbab/rclonestorage/internal/api.(*API).handleDownload-fm (6 handlers)
[GIN-debug] GET    /api/v1/stream/:id        --> github.com/nabilulilalbab/rclonestorage/internal/api.(*API).handleStream-fm (6 handlers)
[GIN-debug] GET    /api/v1/stream/:id/info   --> github.com/nabilulilalbab/rclonestorage/internal/api.(*API).handleStreamInfo-fm (5 handlers)
[GIN-debug] GET    /api/v1/stats             --> github.com/nabilulilalbab/rclonestorage/internal/api.(*API).handleStats-fm (7 handlers)
[GIN-debug] POST   /api/v1/cache/clear       --> github.com/nabilulilalbab/rclonestorage/internal/api.(*API).handleClearCache-fm (7 handlers)
[GIN-debug] GET    /api/v1/monitoring/system --> github.com/nabilulilalbab/rclonestorage/internal/monitoring.(*MonitoringDashboard).GetSystemStats-fm (6 handlers)
[GIN-debug] GET    /api/v1/monitoring/users  --> github.com/nabilulilalbab/rclonestorage/internal/monitoring.(*MonitoringDashboard).GetUserStats-fm (6 handlers)
[GIN-debug] GET    /api/v1/monitoring/storage --> github.com/nabilulilalbab/rclonestorage/internal/monitoring.(*MonitoringDashboard).GetStorageStats-fm (6 handlers)
[GIN-debug] GET    /api/v1/monitoring/cache  --> github.com/nabilulilalbab/rclonestorage/internal/monitoring.(*MonitoringDashboard).GetCacheStats-fm (6 handlers)
[GIN-debug] GET    /api/v1/monitoring/providers --> github.com/nabilulilalbab/rclonestorage/internal/monitoring.(*MonitoringDashboard).GetProviderStatus-fm (6 handlers)
[GIN-debug] GET    /api/v1/monitoring/performance --> github.com/nabilulilalbab/rclonestorage/internal/monitoring.(*MonitoringDashboard).GetPerformanceStats-fm (6 handlers)
[GIN-debug] GET    /api/v1/monitoring/realtime --> github.com/nabilulilalbab/rclonestorage/internal/monitoring.(*MonitoringDashboard).GetRealtimeStats-fm (6 handlers)
[GIN-debug] GET    /api/v1/monitoring/activity --> github.com/nabilulilalbab/rclonestorage/internal/monitoring.(*MonitoringDashboard).GetRecentActivity-fm (6 handlers)
[GIN-debug] GET    /api/v1/public/monitoring --> github.com/nabilulilalbab/rclonestorage/internal/monitoring.(*MonitoringDashboard).GetPublicMonitoring-fm (4 handlers)
[GIN-debug] GET    /swagger/*any             --> github.com/swaggo/gin-swagger.CustomWrapHandler.func1 (4 handlers)
[GIN-debug] GET    /docs                     --> main.main.func2 (4 handlers)
[GIN-debug] GET    /health                   --> main.main.func3 (4 handlers)
2025/09/04 22:40:17 Starting RcloneStorage server on port 5601
2025/09/04 22:40:17 Default admin credentials: admin@rclonestorage.local / Admin123!
[GIN-debug] [WARNING] You trusted all proxies, this is NOT safe. We recommend you to set a value.
Please check https://pkg.go.dev/github.com/gin-gonic/gin#readme-don-t-trust-all-proxies for details.
[GIN-debug] Listening and serving HTTP on :5601
[GIN] 2025/09/04 - 22:40:19 | 200 |     107.503µs |             ::1 | GET      "/health"
[GIN] 2025/09/04 - 22:40:19 | 200 |       32.69µs |             ::1 | GET      "/health"
[GIN] 2025/09/04 - 22:40:19 | 200 |      26.075µs |             ::1 | GET      "/health"
[GIN] 2025/09/04 - 22:41:02 | 200 | 42.501196569s |             ::1 | GET      "/api/v1/public/stats"
[GIN] 2025/09/04 - 22:42:19 | 200 |     1.99377ms |             ::1 | GET      "/"
[GIN] 2025/09/04 - 22:42:19 | 200 |     108.197µs |             ::1 | GET      "/static/css/style.css"
[GIN] 2025/09/04 - 22:42:19 | 200 |     144.743µs |             ::1 | GET      "/static/js/auth.js"
[GIN] 2025/09/04 - 22:42:19 | 200 |     112.038µs |             ::1 | GET      "/static/js/filemanager.js"
[GIN] 2025/09/04 - 22:42:19 | 200 |     106.365µs |             ::1 | GET      "/static/js/dashboard.js"
[GIN] 2025/09/04 - 22:42:19 | 200 |      98.295µs |             ::1 | GET      "/login.html"
[GIN] 2025/09/04 - 22:42:20 | 404 |       3.818µs |             ::1 | GET      "/favicon.ico"
[GIN] 2025/09/04 - 22:42:29 | 401 |     229.465µs |             ::1 | POST     "/api/auth/login"
[GIN] 2025/09/04 - 22:43:33 | 200 |   69.770661ms |             ::1 | POST     "/api/auth/login"
[GIN] 2025/09/04 - 22:43:34 | 200 |     283.883µs |             ::1 | GET      "/api/user/profile"
[GIN] 2025/09/04 - 22:43:38 | 200 |      99.446µs |             ::1 | GET      "/files.html"
[GIN] 2025/09/04 - 22:43:38 | 200 |     127.939µs |             ::1 | GET      "/static/js/files.js"
[GIN] 2025/09/04 - 22:43:38 | 200 |     234.177µs |             ::1 | GET      "/api/user/profile"
[GIN] 2025/09/04 - 22:44:15 | 500 | 40.556998354s |             ::1 | GET      "/api/v1/files"
[GIN] 2025/09/04 - 22:44:18 | 200 |     120.736µs |             ::1 | GET      "/dashboard.html"
[GIN] 2025/09/04 - 22:44:42 | 304 |      52.005µs |             ::1 | GET      "/dashboard.html"
[GIN] 2025/09/04 - 22:44:46 | 200 |     267.744µs |             ::1 | GET      "/api/user/profile"
[GIN] 2025/09/04 - 22:44:54 | 200 |  7.914997335s |             ::1 | GET      "/api/v1/files"
[GIN] 2025/09/04 - 22:45:00 | 200 |  17.66218287s |             ::1 | GET      "/api/v1/monitoring/realtime"
[GIN] 2025/09/04 - 22:45:01 | 200 | 18.511322646s |             ::1 | GET      "/api/v1/monitoring/realtime"
[GIN] 2025/09/04 - 22:45:02 | 200 |     254.466µs |             ::1 | GET      "/api/user/profile"
[GIN] 2025/09/04 - 22:45:07 | 304 |      56.088µs |             ::1 | GET      "/dashboard.html"
[GIN] 2025/09/04 - 22:45:13 | 200 |     179.785µs |             ::1 | GET      "/swagger/index.html"
[GIN] 2025/09/04 - 22:45:13 | 200 |     163.259µs |             ::1 | GET      "/swagger/swagger-ui.css"
[GIN] 2025/09/04 - 22:45:13 | 200 |      36.955µs |             ::1 | GET      "/swagger/index.css"
[GIN] 2025/09/04 - 22:45:13 | 200 |     789.408µs |             ::1 | GET      "/swagger/swagger-ui-bundle.js"
[GIN] 2025/09/04 - 22:45:13 | 200 |     240.117µs |             ::1 | GET      "/swagger/swagger-ui-standalone-preset.js"
[GIN] 2025/09/04 - 22:45:13 | 200 |       53.84µs |             ::1 | GET      "/swagger/swagger-initializer.js"
[GIN] 2025/09/04 - 22:45:13 | 200 |     182.426µs |             ::1 | GET      "/swagger/doc.json"
[GIN] 2025/09/04 - 22:45:14 | 200 |      47.603µs |             ::1 | GET      "/swagger/favicon-32x32.png"
[GIN] 2025/09/04 - 22:45:27 | 200 | 24.864997298s |             ::1 | GET      "/api/v1/files"
[GIN] 2025/09/04 - 22:45:27 | 200 |     225.965µs |             ::1 | GET      "/api/user/profile"
[GIN] 2025/09/04 - 22:45:35 | 200 | 34.371975193s |             ::1 | GET      "/api/v1/monitoring/realtime"
[GIN] 2025/09/04 - 22:45:40 | 200 |     130.706µs |             ::1 | GET      "/upload.html"
[GIN] 2025/09/04 - 22:45:40 | 200 |     236.893µs |             ::1 | GET      "/api/user/profile"
[GIN] 2025/09/04 - 22:45:43 | 200 | 36.521434057s |             ::1 | GET      "/api/v1/monitoring/realtime"
[GIN] 2025/09/04 - 22:45:46 | 200 |     247.621µs |             ::1 | GET      "/api/user/profile"
[GIN] 2025/09/04 - 22:45:49 | 200 | 17.373979398s |             ::1 | GET      "/api/v1/monitoring/realtime"
[GIN] 2025/09/04 - 22:45:53 | 200 |  7.618310796s |             ::1 | GET      "/api/v1/files"
[GIN] 2025/09/04 - 22:45:56 | 200 | 17.798294153s |             ::1 | GET      "/api/v1/monitoring/realtime"
[GIN] 2025/09/04 - 22:46:35 | 200 | 39.420246614s |             ::1 | GET      "/api/v1/monitoring/realtime"
[GIN] 2025/09/04 - 22:46:39 | 200 | 26.172014327s |             ::1 | GET      "/api/v1/monitoring/realtime"
[GIN] 2025/09/04 - 22:46:40 | 200 | 22.306744065s |             ::1 | GET      "/api/v1/monitoring/realtime"
[GIN] 2025/09/04 - 22:46:42 | 200 |   19.2833059s |             ::1 | GET      "/api/v1/monitoring/realtime"
[GIN] 2025/09/04 - 22:46:48 | 200 | 19.056019183s |             ::1 | GET      "/api/v1/monitoring/realtime"
[GIN] 2025/09/04 - 22:46:52 | 200 | 17.012622458s |             ::1 | GET      "/api/v1/monitoring/realtime"
[GIN] 2025/09/04 - 22:46:56 | 200 | 16.525910254s |             ::1 | GET      "/api/v1/monitoring/realtime"
[GIN] 2025/09/04 - 22:47:01 | 200 |    17.849497s |             ::1 | GET      "/api/v1/monitoring/realtime"
[GIN] 2025/09/04 - 22:47:01 | 200 | 52.867497254s |             ::1 | GET      "/api/v1/monitoring/realtime"
[GIN] 2025/09/04 - 22:47:23 | 200 | 27.565019822s |             ::1 | GET      "/api/v1/monitoring/realtime"
[GIN] 2025/09/04 - 22:47:28 | 200 | 24.491678912s |             ::1 | GET      "/api/v1/monitoring/realtime"
[GIN] 2025/09/04 - 22:47:37 | 200 | 24.072025235s |             ::1 | GET      "/api/v1/monitoring/realtime"
[GIN] 2025/09/04 - 22:47:39 | 200 | 51.000113274s |             ::1 | GET      "/api/v1/monitoring/realtime"
[GIN] 2025/09/04 - 22:47:41 | 200 | 32.438134198s |             ::1 | GET      "/api/v1/monitoring/realtime"
[GIN] 2025/09/04 - 22:47:44 | 200 | 20.380749156s |             ::1 | GET      "/api/v1/monitoring/realtime"
[GIN] 2025/09/04 - 22:47:47 | 200 | 53.570477427s |             ::1 | GET      "/api/v1/monitoring/realtime"
[GIN] 2025/09/04 - 22:47:48 | 200 | 20.819996463s |             ::1 | GET      "/api/v1/monitoring/realtime"
[GIN] 2025/09/04 - 22:47:54 | 200 |  16.86979578s |             ::1 | GET      "/api/v1/monitoring/realtime"
[GIN] 2025/09/04 - 22:47:59 | 200 | 18.895659489s |             ::1 | GET      "/api/v1/monitoring/realtime"
[GIN] 2025/09/04 - 22:48:00 | 200 | 20.432008122s |             ::1 | GET      "/api/v1/monitoring/realtime"
[GIN] 2025/09/04 - 22:48:01 | 200 | 17.390037219s |             ::1 | GET      "/api/v1/monitoring/realtime"
[GIN] 2025/09/04 - 22:48:12 | 200 | 24.121262061s |             ::1 | GET      "/api/v1/monitoring/realtime"
[GIN] 2025/09/04 - 22:48:31 | 200 | 38.184989156s |             ::1 | GET      "/api/v1/monitoring/realtime"
[GIN] 2025/09/04 - 22:48:34 | 200 | 20.616258263s |             ::1 | GET      "/api/v1/monitoring/realtime"
[GIN] 2025/09/04 - 22:48:38 | 200 | 29.494641767s |             ::1 | GET      "/api/v1/monitoring/realtime"
[GIN] 2025/09/04 - 22:48:43 | 200 |  24.97723025s |             ::1 | GET      "/api/v1/monitoring/realtime"
[GIN] 2025/09/04 - 22:48:46 | 200 | 51.818933474s |             ::1 | GET      "/api/v1/monitoring/realtime"
[GIN] 2025/09/04 - 22:48:50 | 200 | 18.290853252s |             ::1 | GET      "/api/v1/monitoring/realtime"
[GIN] 2025/09/04 - 22:48:52 | 200 | 17.773276504s |             ::1 | GET      "/api/v1/monitoring/realtime"
[GIN] 2025/09/04 - 22:48:52 | 200 | 48.983288441s |             ::1 | GET      "/api/v1/monitoring/realtime"
[GIN] 2025/09/04 - 22:48:55 | 200 | 17.450996459s |             ::1 | GET      "/api/v1/monitoring/realtime"
[GIN] 2025/09/04 - 22:49:03 | 200 | 19.613166532s |             ::1 | GET      "/api/v1/monitoring/realtime"
[GIN] 2025/09/04 - 22:49:05 | 200 | 19.511931462s |             ::1 | GET      "/api/v1/monitoring/realtime"
[GIN] 2025/09/04 - 22:49:26 | 200 | 22.609683485s |             ::1 | GET      "/api/v1/monitoring/realtime"
[GIN] 2025/09/04 - 22:49:27 | 200 | 34.043242144s |             ::1 | GET      "/api/v1/monitoring/realtime"
[GIN] 2025/09/04 - 22:49:29 | 200 | 39.364554908s |             ::1 | GET      "/api/v1/monitoring/realtime"
[GIN] 2025/09/04 - 22:49:33 | 200 | 34.705845684s |             ::1 | GET      "/api/v1/monitoring/realtime"
[GIN] 2025/09/04 - 22:49:42 | 200 | 28.994264342s |             ::1 | GET      "/api/v1/monitoring/realtime"
[GIN] 2025/09/04 - 22:49:45 | 500 |         5m46s |             ::1 | GET      "/api/v1/files"
[GIN] 2025/09/04 - 22:49:46 | 200 | 20.468355492s |             ::1 | GET      "/api/v1/monitoring/realtime"
[GIN] 2025/09/04 - 22:49:47 | 200 | 20.205932858s |             ::1 | GET      "/api/v1/monitoring/realtime"
[GIN] 2025/09/04 - 22:49:53 | 200 | 23.782153994s |             ::1 | GET      "/api/v1/monitoring/realtime"
[GIN] 2025/09/04 - 22:49:57 | 200 |         5m38s |             ::1 | GET      "/api/v1/monitoring/realtime"
[GIN] 2025/09/04 - 22:50:00 | 200 | 52.221781174s |             ::1 | GET      "/api/v1/monitoring/realtime"
[GIN] 2025/09/04 - 22:50:37 | 200 | 43.538783848s |             ::1 | GET      "/api/v1/monitoring/realtime"
[GIN] 2025/09/04 - 22:50:42 | 200 |          1m8s |             ::1 | GET      "/api/v1/monitoring/realtime"
[GIN] 2025/09/04 - 22:50:43 | 200 |          1m0s |             ::1 | GET      "/api/v1/monitoring/realtime"
[GIN] 2025/09/04 - 22:50:51 | 200 |          1m3s |             ::1 | GET      "/api/v1/monitoring/realtime"
[GIN] 2025/09/04 - 22:50:53 | 200 |          1m6s |             ::1 | GET      "/api/v1/monitoring/realtime"
[GIN] 2025/09/04 - 22:50:59 | 200 | 22.558441489s |             ::1 | GET      "/api/v1/monitoring/realtime"
[GIN] 2025/09/04 - 22:51:01 | 200 | 18.941548694s |             ::1 | GET      "/api/v1/monitoring/realtime"
[GIN] 2025/09/04 - 22:51:01 | 200 | 18.184261168s |             ::1 | GET      "/api/v1/monitoring/realtime"
[GIN] 2025/09/04 - 22:51:07 | 200 |  7.577974221s |             ::1 | GET      "/api/v1/files"
[GIN] 2025/09/04 - 22:51:11 | 200 | 17.891100334s |             ::1 | GET      "/api/v1/monitoring/realtime"
[GIN] 2025/09/04 - 22:51:12 | 200 | 20.309730653s |             ::1 | GET      "/api/v1/monitoring/realtime"
[GIN] 2025/09/04 - 22:51:27 | 200 | 20.067197514s |             ::1 | GET      "/api/v1/monitoring/realtime"
[GIN] 2025/09/04 - 22:51:30 | 200 | 28.538241095s |             ::1 | GET      "/api/v1/monitoring/realtime"
[GIN] 2025/09/04 - 22:51:31 | 200 | 19.719575617s |             ::1 | GET      "/api/v1/monitoring/realtime"
[GIN] 2025/09/04 - 22:51:32 | 200 |         1m31s |             ::1 | GET      "/api/v1/monitoring/realtime"
[GIN] 2025/09/04 - 22:51:32 | 200 |     163.796µs |             ::1 | GET      "/api/user/profile"
[GIN] 2025/09/04 - 22:51:47 | 200 | 19.860599032s |             ::1 | GET      "/api/v1/monitoring/realtime"
[GIN] 2025/09/04 - 22:51:48 | 200 | 18.890629193s |             ::1 | GET      "/api/v1/monitoring/realtime"
[GIN] 2025/09/04 - 22:52:22 | 200 |         1m10s |             ::1 | GET      "/api/v1/monitoring/realtime"
[GIN] 2025/09/04 - 22:52:25 | 200 | 53.138678905s |             ::1 | GET      "/api/v1/monitoring/realtime"
[GIN] 2025/09/04 - 22:52:27 | 200 |  56.09552305s |             ::1 | GET      "/api/v1/monitoring/realtime"
[GIN] 2025/09/04 - 22:52:42 | 200 | 19.762034453s |             ::1 | GET      "/api/v1/monitoring/realtime"
[GIN] 2025/09/04 - 22:52:43 | 200 | 56.506331129s |             ::1 | GET      "/api/v1/monitoring/realtime"
[GIN] 2025/09/04 - 22:52:45 | 200 |         1m44s |             ::1 | GET      "/api/v1/monitoring/realtime"
[GIN] 2025/09/04 - 22:52:46 | 200 | 19.001927609s |             ::1 | GET      "/api/v1/monitoring/realtime"
[GIN] 2025/09/04 - 22:52:46 | 200 | 20.798428119s |             ::1 | GET      "/api/v1/monitoring/realtime"
[GIN] 2025/09/04 - 22:53:07 | 200 | 25.114509927s |             ::1 | GET      "/api/v1/monitoring/realtime"
[GIN] 2025/09/04 - 22:53:13 | 200 |         1m24s |             ::1 | GET      "/api/v1/monitoring/realtime"
[GIN] 2025/09/04 - 22:53:32 | 200 | 45.559044944s |             ::1 | GET      "/api/v1/monitoring/realtime"
[GIN] 2025/09/04 - 22:53:36 | 200 | 51.598972287s |             ::1 | GET      "/api/v1/monitoring/realtime"
[GIN] 2025/09/04 - 22:53:38 | 200 |   51.9896016s |             ::1 | GET      "/api/v1/monitoring/realtime"
[GIN] 2025/09/04 - 22:53:45 | 200 | 32.288162114s |             ::1 | GET      "/api/v1/monitoring/realtime"
[GIN] 2025/09/04 - 22:53:51 | 200 | 19.423262512s |             ::1 | GET      "/api/v1/monitoring/realtime"
[GIN] 2025/09/04 - 22:53:55 | 200 |         1m11s |             ::1 | GET      "/api/v1/monitoring/realtime"
[GIN] 2025/09/04 - 22:53:57 | 200 | 20.204215028s |             ::1 | GET      "/api/v1/monitoring/realtime"
[GIN] 2025/09/04 - 22:53:57 | 200 | 49.649392788s |             ::1 | GET      "/api/v1/monitoring/realtime"
[GIN] 2025/09/04 - 22:53:58 | 200 | 20.067182621s |             ::1 | GET      "/api/v1/monitoring/realtime"
[GIN] 2025/09/04 - 22:54:11 | 200 | 25.791492269s |             ::1 | GET      "/api/v1/monitoring/realtime"
[GIN] 2025/09/04 - 22:54:24 | 200 | 29.590839184s |             ::1 | GET      "/api/v1/monitoring/realtime"
[GIN] 2025/09/04 - 22:54:26 | 200 | 34.979790978s |             ::1 | GET      "/api/v1/monitoring/realtime"
[GIN] 2025/09/04 - 22:54:27 | 200 | 29.657173139s |             ::1 | GET      "/api/v1/monitoring/realtime"
[GIN] 2025/09/04 - 22:54:29 | 200 | 32.813558291s |             ::1 | GET      "/api/v1/monitoring/realtime"
[GIN] 2025/09/04 - 22:54:41 | 200 | 44.274139387s |             ::1 | GET      "/api/v1/monitoring/realtime"
[GIN] 2025/09/04 - 22:54:53 | 200 | 42.652003651s |             ::1 | GET      "/api/v1/monitoring/realtime"
[GIN] 2025/09/04 - 22:55:26 | 200 | 45.285997602s |             ::1 | GET      "/api/v1/monitoring/realtime"
[GIN] 2025/09/04 - 22:55:31 | 200 |          1m1s |             ::1 | GET      "/api/v1/monitoring/realtime"
[GIN] 2025/09/04 - 22:55:33 | 200 | 39.323015598s |             ::1 | GET      "/api/v1/monitoring/realtime"
[GIN] 2025/09/04 - 22:55:33 | 200 |          1m5s |             ::1 | GET      "/api/v1/monitoring/realtime"
[GIN] 2025/09/04 - 22:55:34 | 200 |         1m10s |             ::1 | GET      "/api/v1/monitoring/realtime"
[GIN] 2025/09/04 - 22:55:44 | 200 | 18.024213184s |             ::1 | GET      "/api/v1/monitoring/realtime"
[GIN] 2025/09/04 - 22:55:48 | 200 |         1m21s |             ::1 | GET      "/api/v1/monitoring/realtime"
[GIN] 2025/09/04 - 22:55:48 | 200 | 16.903002267s |             ::1 | GET      "/api/v1/monitoring/realtime"
[GIN] 2025/09/04 - 22:55:52 | 200 |  18.65487841s |             ::1 | GET      "/api/v1/monitoring/realtime"
[GIN] 2025/09/04 - 22:55:54 | 200 | 19.558422873s |             ::1 | GET      "/api/v1/monitoring/realtime"
[GIN] 2025/09/04 - 22:55:54 | 200 | 21.311530569s |             ::1 | GET      "/api/v1/monitoring/realtime"
[GIN] 2025/09/04 - 22:56:04 | 200 | 20.125746323s |             ::1 | GET      "/api/v1/monitoring/realtime"
[GIN] 2025/09/04 - 22:56:05 | 200 | 17.154096362s |             ::1 | GET      "/api/v1/monitoring/realtime"
[GIN] 2025/09/04 - 22:56:06 | 200 | 18.696117207s |             ::1 | GET      "/api/v1/monitoring/realtime"
[GIN] 2025/09/04 - 22:56:32 | 200 | 38.466000046s |             ::1 | GET      "/api/v1/monitoring/realtime"
[GIN] 2025/09/04 - 22:56:49 | 200 | 54.608675811s |             ::1 | GET      "/api/v1/monitoring/realtime"
[GIN] 2025/09/04 - 22:56:58 | 200 | 54.227916875s |             ::1 | GET      "/api/v1/monitoring/realtime"
[GIN] 2025/09/04 - 22:57:00 | 200 | 53.427605811s |             ::1 | GET      "/api/v1/monitoring/realtime"
[GIN] 2025/09/04 - 22:57:22 | 200 |         1m30s |             ::1 | GET      "/api/v1/monitoring/realtime"
[GIN] 2025/09/04 - 22:57:26 | 200 |         1m20s |             ::1 | GET      "/api/v1/monitoring/realtime"
[GIN] 2025/09/04 - 22:58:41 | 200 |         1m19s |             ::1 | GET      "/api/v1/monitoring/realtime"
[GIN] 2025/09/04 - 23:00:52 | 200 |         3m52s |             ::1 | GET      "/api/v1/monitoring/realtime"
[GIN] 2025/09/04 - 23:01:03 | 200 |         3m36s |             ::1 | GET      "/api/v1/monitoring/realtime"
[GIN] 2025/09/04 - 23:01:54 | 200 |          1m1s |             ::1 | GET      "/api/v1/monitoring/realtime"
[GIN] 2025/09/04 - 23:02:04 | 200 |          1m1s |             ::1 | GET      "/api/v1/monitoring/realtime"
[GIN] 2025/09/04 - 23:02:35 | 200 |          6m2s |             ::1 | GET      "/api/v1/monitoring/realtime"
[GIN] 2025/09/04 - 23:02:55 | 200 |          1m1s |             ::1 | GET      "/api/v1/monitoring/realtime"
[GIN] 2025/09/04 - 23:03:06 | 200 |          1m1s |             ::1 | GET      "/api/v1/monitoring/realtime"
[GIN] 2025/09/04 - 23:03:14 | 200 |         6m25s |             ::1 | GET      "/api/v1/monitoring/realtime"
[GIN] 2025/09/04 - 23:03:29 | 200 |         6m30s |             ::1 | GET      "/api/v1/monitoring/realtime"
[GIN] 2025/09/04 - 23:03:37 | 200 |          1m1s |             ::1 | GET      "/api/v1/monitoring/realtime"
[GIN] 2025/09/04 - 23:03:57 | 200 |          1m1s |             ::1 | GET      "/api/v1/monitoring/realtime"
[GIN] 2025/09/04 - 23:04:07 | 200 |          1m1s |             ::1 | GET      "/api/v1/monitoring/realtime"
[GIN] 2025/09/04 - 23:04:15 | 200 |          1m1s |             ::1 | GET      "/api/v1/monitoring/realtime"
[GIN] 2025/09/04 - 23:04:30 | 200 |          1m1s |             ::1 | GET      "/api/v1/monitoring/realtime"
[GIN] 2025/09/04 - 23:04:38 | 200 |          1m1s |             ::1 | GET      "/api/v1/monitoring/realtime"
[GIN] 2025/09/04 - 23:04:46 | 500 |  30.66798556s |             ::1 | GET      "/api/v1/files"
[GIN] 2025/09/04 - 23:04:53 | 200 |         6m11s |             ::1 | GET      "/api/v1/monitoring/realtime"
[GIN] 2025/09/04 - 23:04:58 | 200 |          1m1s |             ::1 | GET      "/api/v1/monitoring/realtime"
[GIN] 2025/09/04 - 23:05:08 | 200 |          1m1s |             ::1 | GET      "/api/v1/monitoring/realtime"
[GIN] 2025/09/04 - 23:05:32 | 200 |          1m1s |             ::1 | GET      "/api/v1/monitoring/realtime"
[GIN] 2025/09/04 - 23:05:39 | 200 |          1m1s |             ::1 | GET      "/api/v1/monitoring/realtime"
[GIN] 2025/09/04 - 23:05:47 | 200 |          1m1s |             ::1 | GET      "/api/v1/monitoring/realtime"
[GIN] 2025/09/04 - 23:05:55 | 200 |          1m1s |             ::1 | GET      "/api/v1/monitoring/realtime"
[GIN] 2025/09/04 - 23:06:00 | 200 |          1m1s |             ::1 | GET      "/api/v1/monitoring/realtime"
[GIN] 2025/09/04 - 23:06:10 | 200 |          1m1s |             ::1 | GET      "/api/v1/monitoring/realtime"
[GIN] 2025/09/04 - 23:06:33 | 200 |          1m1s |             ::1 | GET      "/api/v1/monitoring/realtime"
[GIN] 2025/09/04 - 23:06:41 | 200 |          1m1s |             ::1 | GET      "/api/v1/monitoring/realtime"
[GIN] 2025/09/04 - 23:06:49 | 200 |          1m1s |             ::1 | GET      "/api/v1/monitoring/realtime"
[GIN] 2025/09/04 - 23:06:56 | 200 |          1m1s |             ::1 | GET      "/api/v1/monitoring/realtime"
[GIN] 2025/09/04 - 23:07:01 | 200 |          1m1s |             ::1 | GET      "/api/v1/monitoring/realtime"
[GIN] 2025/09/04 - 23:07:11 | 200 |          1m1s |             ::1 | GET      "/api/v1/monitoring/realtime"
[GIN] 2025/09/04 - 23:07:35 | 200 |          1m1s |             ::1 | GET      "/api/v1/monitoring/realtime"
[GIN] 2025/09/04 - 23:07:42 | 200 |          1m1s |             ::1 | GET      "/api/v1/monitoring/realtime"
[GIN] 2025/09/04 - 23:07:50 | 200 |          1m1s |             ::1 | GET      "/api/v1/monitoring/realtime"
[GIN] 2025/09/04 - 23:07:58 | 200 |          1m1s |             ::1 | GET      "/api/v1/monitoring/realtime"
[GIN] 2025/09/04 - 23:08:03 | 200 |          1m1s |             ::1 | GET      "/api/v1/monitoring/realtime"
[GIN] 2025/09/04 - 23:08:13 | 200 |          1m1s |             ::1 | GET      "/api/v1/monitoring/realtime"
[GIN] 2025/09/04 - 23:08:36 | 200 |          1m1s |             ::1 | GET      "/api/v1/monitoring/realtime"
[GIN] 2025/09/04 - 23:08:44 | 200 |          1m1s |             ::1 | GET      "/api/v1/monitoring/realtime"
[GIN] 2025/09/04 - 23:08:52 | 200 |          1m1s |             ::1 | GET      "/api/v1/monitoring/realtime"
[GIN] 2025/09/04 - 23:08:59 | 200 |          1m1s |             ::1 | GET      "/api/v1/monitoring/realtime"
[GIN] 2025/09/04 - 23:09:04 | 200 |          1m1s |             ::1 | GET      "/api/v1/monitoring/realtime"
[GIN] 2025/09/04 - 23:09:14 | 200 |          1m1s |             ::1 | GET      "/api/v1/monitoring/realtime"
[GIN] 2025/09/04 - 23:09:38 | 200 |          1m1s |             ::1 | GET      "/api/v1/monitoring/realtime"
[GIN] 2025/09/04 - 23:09:45 | 200 |          1m1s |             ::1 | GET      "/api/v1/monitoring/realtime"
[GIN] 2025/09/04 - 23:09:53 | 200 |          1m1s |             ::1 | GET      "/api/v1/monitoring/realtime"
[GIN] 2025/09/04 - 23:10:01 | 200 |          1m1s |             ::1 | GET      "/api/v1/monitoring/realtime"
[GIN] 2025/09/04 - 23:10:06 | 200 |          1m1s |             ::1 | GET      "/api/v1/monitoring/realtime"
[GIN] 2025/09/04 - 23:10:16 | 200 |          1m1s |             ::1 | GET      "/api/v1/monitoring/realtime"
[GIN] 2025/09/04 - 23:10:39 | 200 |          1m1s |             ::1 | GET      "/api/v1/monitoring/realtime"
[GIN] 2025/09/04 - 23:10:47 | 200 |          1m1s |             ::1 | GET      "/api/v1/monitoring/realtime"
[GIN] 2025/09/04 - 23:10:55 | 200 |          1m1s |             ::1 | GET      "/api/v1/monitoring/realtime"
[GIN] 2025/09/04 - 23:11:02 | 200 |          1m1s |             ::1 | GET      "/api/v1/monitoring/realtime"
[GIN] 2025/09/04 - 23:11:07 | 200 |          1m1s |             ::1 | GET      "/api/v1/monitoring/realtime"
[GIN] 2025/09/04 - 23:11:17 | 200 |          1m1s |             ::1 | GET      "/api/v1/monitoring/realtime"
[GIN] 2025/09/04 - 23:11:41 | 200 |          1m1s |             ::1 | GET      "/api/v1/monitoring/realtime"
[GIN] 2025/09/04 - 23:11:48 | 200 |          1m1s |             ::1 | GET      "/api/v1/monitoring/realtime"
[GIN] 2025/09/04 - 23:11:56 | 200 |          1m1s |             ::1 | GET      "/api/v1/monitoring/realtime"
[GIN] 2025/09/04 - 23:12:04 | 200 |          1m1s |             ::1 | GET      "/api/v1/monitoring/realtime"
[GIN] 2025/09/04 - 23:12:09 | 200 |          1m1s |             ::1 | GET      "/api/v1/monitoring/realtime"
[GIN] 2025/09/04 - 23:12:19 | 200 |          1m1s |             ::1 | GET      "/api/v1/monitoring/realtime"
[GIN] 2025/09/04 - 23:12:42 | 200 |          1m1s |             ::1 | GET      "/api/v1/monitoring/realtime"
[GIN] 2025/09/04 - 23:12:50 | 200 |          1m1s |             ::1 | GET      "/api/v1/monitoring/realtime"
[GIN] 2025/09/04 - 23:12:58 | 200 |          1m1s |             ::1 | GET      "/api/v1/monitoring/realtime"
[GIN] 2025/09/04 - 23:13:05 | 200 |          1m1s |             ::1 | GET      "/api/v1/monitoring/realtime"
[GIN] 2025/09/04 - 23:13:10 | 200 |          1m1s |             ::1 | GET      "/api/v1/monitoring/realtime"
[GIN] 2025/09/04 - 23:13:20 | 200 |          1m1s |             ::1 | GET      "/api/v1/monitoring/realtime"
[GIN] 2025/09/04 - 23:13:44 | 200 |          1m1s |             ::1 | GET      "/api/v1/monitoring/realtime"
[GIN] 2025/09/04 - 23:13:51 | 200 |          1m1s |             ::1 | GET      "/api/v1/monitoring/realtime"
[GIN] 2025/09/04 - 23:13:59 | 200 |          1m1s |             ::1 | GET      "/api/v1/monitoring/realtime"
[GIN] 2025/09/04 - 23:14:07 | 200 |          1m1s |             ::1 | GET      "/api/v1/monitoring/realtime"
[GIN] 2025/09/04 - 23:14:11 | 200 |          1m1s |             ::1 | GET      "/api/v1/monitoring/realtime"
[GIN] 2025/09/04 - 23:14:22 | 200 |          1m1s |             ::1 | GET      "/api/v1/monitoring/realtime"
[GIN] 2025/09/04 - 23:14:45 | 200 |          1m1s |             ::1 | GET      "/api/v1/monitoring/realtime"
[GIN] 2025/09/04 - 23:14:53 | 200 |          1m1s |             ::1 | GET      "/api/v1/monitoring/realtime"
[GIN] 2025/09/04 - 23:15:01 | 200 |          1m1s |             ::1 | GET      "/api/v1/monitoring/realtime"
[GIN] 2025/09/04 - 23:15:08 | 200 |          1m1s |             ::1 | GET      "/api/v1/monitoring/realtime"
[GIN] 2025/09/04 - 23:15:13 | 200 |          1m1s |             ::1 | GET      "/api/v1/monitoring/realtime"
[GIN] 2025/09/04 - 23:15:16 | 500 | 30.707871729s |             ::1 | GET      "/api/v1/files"
[GIN] 2025/09/04 - 23:15:23 | 200 |          1m1s |             ::1 | GET      "/api/v1/monitoring/realtime"
[GIN] 2025/09/04 - 23:15:54 | 200 |          1m1s |             ::1 | GET      "/api/v1/monitoring/realtime"
[GIN] 2025/09/04 - 23:16:03 | 200 |          1m1s |             ::1 | GET      "/api/v1/monitoring/realtime"
[GIN] 2025/09/04 - 23:16:10 | 200 |          1m1s |             ::1 | GET      "/api/v1/monitoring/realtime"
[GIN] 2025/09/04 - 23:16:14 | 200 |          1m1s |             ::1 | GET      "/api/v1/monitoring/realtime"
[GIN] 2025/09/04 - 23:16:18 | 200 |          1m1s |             ::1 | GET      "/api/v1/monitoring/realtime"
[GIN] 2025/09/04 - 23:16:25 | 200 |          1m1s |             ::1 | GET      "/api/v1/monitoring/realtime"
[GIN] 2025/09/04 - 23:16:56 | 200 |          1m1s |             ::1 | GET      "/api/v1/monitoring/realtime"
[GIN] 2025/09/04 - 23:17:04 | 200 |          1m1s |             ::1 | GET      "/api/v1/monitoring/realtime"
[GIN] 2025/09/04 - 23:17:11 | 200 |          1m1s |             ::1 | GET      "/api/v1/monitoring/realtime"
[GIN] 2025/09/04 - 23:17:16 | 200 |          1m1s |             ::1 | GET      "/api/v1/monitoring/realtime"
[GIN] 2025/09/04 - 23:17:19 | 200 |          1m1s |             ::1 | GET      "/api/v1/monitoring/realtime"
[GIN] 2025/09/04 - 23:17:26 | 200 |          1m1s |             ::1 | GET      "/api/v1/monitoring/realtime"
[GIN] 2025/09/04 - 23:17:57 | 200 |          1m1s |             ::1 | GET      "/api/v1/monitoring/realtime"
[GIN] 2025/09/04 - 23:18:06 | 200 |          1m1s |             ::1 | GET      "/api/v1/monitoring/realtime"
[GIN] 2025/09/04 - 23:18:13 | 200 |          1m1s |             ::1 | GET      "/api/v1/monitoring/realtime"
[GIN] 2025/09/04 - 23:18:17 | 200 |          1m1s |             ::1 | GET      "/api/v1/monitoring/realtime"
[GIN] 2025/09/04 - 23:18:21 | 200 |          1m1s |             ::1 | GET      "/api/v1/monitoring/realtime"
[GIN] 2025/09/04 - 23:18:28 | 200 |          1m1s |             ::1 | GET      "/api/v1/monitoring/realtime"
[GIN] 2025/09/04 - 23:18:59 | 200 |          1m1s |             ::1 | GET      "/api/v1/monitoring/realtime"
[GIN] 2025/09/04 - 23:19:07 | 200 |          1m1s |             ::1 | GET      "/api/v1/monitoring/realtime"
[GIN] 2025/09/04 - 23:19:14 | 200 |          1m1s |             ::1 | GET      "/api/v1/monitoring/realtime"
[GIN] 2025/09/04 - 23:19:19 | 200 |          1m1s |             ::1 | GET      "/api/v1/monitoring/realtime"
[GIN] 2025/09/04 - 23:19:22 | 200 |          1m1s |             ::1 | GET      "/api/v1/monitoring/realtime"
[GIN] 2025/09/04 - 23:19:29 | 200 |          1m1s |             ::1 | GET      "/api/v1/monitoring/realtime"
[GIN] 2025/09/04 - 23:20:00 | 200 |          1m1s |             ::1 | GET      "/api/v1/monitoring/realtime"
[GIN] 2025/09/04 - 23:20:09 | 200 |          1m1s |             ::1 | GET      "/api/v1/monitoring/realtime"
[GIN] 2025/09/04 - 23:20:16 | 200 |          1m1s |             ::1 | GET      "/api/v1/monitoring/realtime"
[GIN] 2025/09/04 - 23:20:20 | 200 |          1m1s |             ::1 | GET      "/api/v1/monitoring/realtime"
[GIN] 2025/09/04 - 23:20:24 | 200 |          1m1s |             ::1 | GET      "/api/v1/monitoring/realtime"
[GIN] 2025/09/04 - 23:20:31 | 200 |          1m1s |             ::1 | GET      "/api/v1/monitoring/realtime"
[GIN] 2025/09/04 - 23:21:02 | 200 |          1m1s |             ::1 | GET      "/api/v1/monitoring/realtime"
[GIN] 2025/09/04 - 23:21:10 | 200 |          1m1s |             ::1 | GET      "/api/v1/monitoring/realtime"
[GIN] 2025/09/04 - 23:21:17 | 200 |          1m1s |             ::1 | GET      "/api/v1/monitoring/realtime"
[GIN] 2025/09/04 - 23:21:22 | 200 |          1m1s |             ::1 | GET      "/api/v1/monitoring/realtime"
[GIN] 2025/09/04 - 23:21:25 | 200 |          1m1s |             ::1 | GET      "/api/v1/monitoring/realtime"
[GIN] 2025/09/04 - 23:21:32 | 200 |          1m1s |             ::1 | GET      "/api/v1/monitoring/realtime"
[GIN] 2025/09/04 - 23:22:03 | 200 |          1m1s |             ::1 | GET      "/api/v1/monitoring/realtime"
[GIN] 2025/09/04 - 23:22:12 | 200 |          1m1s |             ::1 | GET      "/api/v1/monitoring/realtime"
[GIN] 2025/09/04 - 23:22:19 | 200 |          1m1s |             ::1 | GET      "/api/v1/monitoring/realtime"
[GIN] 2025/09/04 - 23:22:23 | 200 |          1m1s |             ::1 | GET      "/api/v1/monitoring/realtime"
[GIN] 2025/09/04 - 23:22:27 | 200 |          1m1s |             ::1 | GET      "/api/v1/monitoring/realtime"
[GIN] 2025/09/04 - 23:22:34 | 200 |          1m1s |             ::1 | GET      "/api/v1/monitoring/realtime"
[GIN] 2025/09/04 - 23:23:05 | 200 |          1m1s |             ::1 | GET      "/api/v1/monitoring/realtime"
[GIN] 2025/09/04 - 23:23:13 | 200 |          1m1s |             ::1 | GET      "/api/v1/monitoring/realtime"
[GIN] 2025/09/04 - 23:23:20 | 200 |          1m1s |             ::1 | GET      "/api/v1/monitoring/realtime"
[GIN] 2025/09/04 - 23:23:25 | 200 |          1m1s |             ::1 | GET      "/api/v1/monitoring/realtime"
[GIN] 2025/09/04 - 23:23:28 | 200 |          1m1s |             ::1 | GET      "/api/v1/monitoring/realtime"
[GIN] 2025/09/04 - 23:23:35 | 200 |          1m1s |             ::1 | GET      "/api/v1/monitoring/realtime"
[GIN] 2025/09/04 - 23:24:06 | 200 |          1m1s |             ::1 | GET      "/api/v1/monitoring/realtime"
[GIN] 2025/09/04 - 23:24:15 | 200 |          1m1s |             ::1 | GET      "/api/v1/monitoring/realtime"
[GIN] 2025/09/04 - 23:24:22 | 200 |          1m1s |             ::1 | GET      "/api/v1/monitoring/realtime"
[GIN] 2025/09/04 - 23:24:26 | 200 |          1m1s |             ::1 | GET      "/api/v1/monitoring/realtime"
[GIN] 2025/09/04 - 23:24:30 | 200 |          1m1s |             ::1 | GET      "/api/v1/monitoring/realtime"
[GIN] 2025/09/04 - 23:24:37 | 200 |          1m1s |             ::1 | GET      "/api/v1/monitoring/realtime"
[GIN] 2025/09/04 - 23:25:17 | 200 |         1m10s |             ::1 | GET      "/api/v1/monitoring/realtime"
[GIN] 2025/09/04 - 23:25:32 | 200 |         1m10s |             ::1 | GET      "/api/v1/monitoring/realtime"
[GIN] 2025/09/04 - 23:25:32 | 200 |         1m17s |             ::1 | GET      "/api/v1/monitoring/realtime"
[GIN] 2025/09/04 - 23:25:43 | 200 |         1m16s |             ::1 | GET      "/api/v1/monitoring/realtime"
[GIN] 2025/09/04 - 23:25:43 | 200 |         1m12s |             ::1 | GET      "/api/v1/monitoring/realtime"
[GIN] 2025/09/04 - 23:25:58 | 200 |         1m21s |             ::1 | GET      "/api/v1/monitoring/realtime"
[GIN] 2025/09/04 - 23:26:19 | 500 | 35.842029378s |             ::1 | GET      "/api/v1/files"
[GIN] 2025/09/04 - 23:26:34 | 200 |         1m17s |             ::1 | GET      "/api/v1/monitoring/realtime"
[GIN] 2025/09/04 - 23:26:44 | 200 |         1m11s |             ::1 | GET      "/api/v1/monitoring/realtime"
[GIN] 2025/09/04 - 23:26:44 | 200 |         1m11s |             ::1 | GET      "/api/v1/monitoring/realtime"
[GIN] 2025/09/04 - 23:26:55 | 200 |         1m11s |             ::1 | GET      "/api/v1/monitoring/realtime"
[GIN] 2025/09/04 - 23:27:05 | 200 |          1m6s |             ::1 | GET      "/api/v1/monitoring/realtime"
[GIN] 2025/09/04 - 23:27:30 | 200 |         1m11s |             ::1 | GET      "/api/v1/monitoring/realtime"
[GIN] 2025/09/04 - 23:27:40 | 200 |          1m6s |             ::1 | GET      "/api/v1/monitoring/realtime"
[GIN] 2025/09/04 - 23:27:51 | 200 |          1m6s |             ::1 | GET      "/api/v1/monitoring/realtime"
[GIN] 2025/09/04 - 23:27:51 | 200 |          1m6s |             ::1 | GET      "/api/v1/monitoring/realtime"
[GIN] 2025/09/04 - 23:28:01 | 200 |          1m6s |             ::1 | GET      "/api/v1/monitoring/realtime"
[GIN] 2025/09/04 - 23:28:11 | 200 |          1m6s |             ::1 | GET      "/api/v1/monitoring/realtime"
[GIN] 2025/09/04 - 23:28:42 | 200 |         1m11s |             ::1 | GET      "/api/v1/monitoring/realtime"
[GIN] 2025/09/04 - 23:28:52 | 200 |         1m11s |             ::1 | GET      "/api/v1/monitoring/realtime"
[GIN] 2025/09/04 - 23:28:58 | 200 |          1m6s |             ::1 | GET      "/api/v1/monitoring/realtime"
[GIN] 2025/09/04 - 23:28:58 | 200 |          1m6s |             ::1 | GET      "/api/v1/monitoring/realtime"
[GIN] 2025/09/04 - 23:29:13 | 200 |         1m11s |             ::1 | GET      "/api/v1/monitoring/realtime"
[GIN] 2025/09/04 - 23:29:23 | 200 |         1m11s |             ::1 | GET      "/api/v1/monitoring/realtime"
[GIN] 2025/09/04 - 23:29:58 | 200 |          1m5s |             ::1 | GET      "/api/v1/monitoring/realtime"
[GIN] 2025/09/04 - 23:30:02 | 200 |          1m4s |             ::1 | GET      "/api/v1/monitoring/realtime"
[GIN] 2025/09/04 - 23:30:42 | 200 |         1m18s |             ::1 | GET      "/api/v1/monitoring/realtime"
[GIN] 2025/09/04 - 23:30:43 | 200 |          2m0s |             ::1 | GET      "/api/v1/monitoring/realtime"
[GIN] 2025/09/04 - 23:30:58 | 200 |         1m44s |             ::1 | GET      "/api/v1/monitoring/realtime"
[GIN] 2025/09/04 - 23:31:00 | 200 |          2m2s |             ::1 | GET      "/api/v1/monitoring/realtime"
